Step	Res	Acc/Rej	Temp		Nu_pol		Nu_npol		D_pH		D_Elec		D_Self		V_electro
0	0	0	300.000000	0.000000	0.000000	0.000000	0.000000	0.000000	-5.555987
20	31	-1	300.000000	4.090927	11.383171	0.960800	-0.112191	0.993328	-5.741317
40	31	-1	300.000000	4.049599	11.383512	0.960800	-0.106420	0.993652	-5.674424
60	31	-1	300.000000	3.908454	11.285320	0.960800	-0.118444	0.902005	-5.600179
80	31	1	300.000000	3.910384	11.432454	0.960800	-0.201671	1.040645	-5.620998
100	31	1	300.000000	3.945285	11.294990	0.960800	0.000000	0.910874	-5.947898
120	31	-1	300.000000	3.852482	11.239639	0.960800	-0.114505	0.860563	-5.607768
140	31	-1	300.000000	3.876869	11.026768	0.960800	-0.096337	0.677347	-5.654933
160	31	-1	300.000000	3.810472	11.263693	0.960800	-0.117362	0.882290	-5.600066
180	31	-1	300.000000	3.876704	11.150391	0.960800	-0.091374	0.781770	-5.587044
200	31	-1	300.000000	3.874570	11.229431	0.960800	-0.097644	0.851405	-5.679188
220	31	-1	300.000000	3.882625	11.227887	0.960800	-0.081517	0.850023	-5.615854
240	31	-1	300.000000	3.883922	11.458604	0.960800	-0.100165	1.066113	-5.620064
260	31	-1	300.000000	3.847727	11.152775	0.960800	-0.111704	0.783838	-5.714938
280	31	-1	300.000000	3.893945	11.161467	0.960800	-0.090117	0.791394	-5.739827
300	31	-1	300.000000	3.816053	11.186681	0.960800	-0.120420	0.813462	-5.587843
320	31	-1	300.000000	3.944731	11.485544	0.960800	-0.117565	1.092610	-5.249552
340	31	-1	300.000000	3.842490	11.211005	0.960800	-0.118093	0.834971	-5.397687
360	31	-1	300.000000	3.725315	11.255760	0.960800	-0.112970	0.875102	-5.690797
380	31	-1	300.000000	3.774484	11.332968	0.960800	-0.105231	0.946038	-5.855327
400	31	-1	300.000000	3.832135	11.240689	0.960800	-0.112372	0.861507	-5.467587
420	31	-1	300.000000	3.959765	11.310695	0.960800	-0.105298	0.925352	-5.526531
440	31	-1	300.000000	4.027222	11.520669	0.960800	-0.099281	1.127559	-5.430812
460	31	-1	300.000000	4.162246	11.394756	0.960800	-0.069653	1.004371	-5.619081
480	31	-1	300.000000	4.167615	11.434974	0.960800	-0.102758	1.043089	-5.148741
500	31	-1	300.000000	4.008943	11.407835	0.960800	-0.083256	1.016898	-5.368887
520	31	-1	300.000000	4.134674	11.292792	0.960800	-0.099817	0.908855	-5.328904
540	31	1	300.000000	4.142205	11.315859	0.960800	-0.151813	0.930132	-5.372335
560	31	-1	300.000000	4.016404	11.243465	0.960800	-0.090049	0.864005	-5.477273
580	31	-1	300.000000	3.984528	11.265523	0.960800	-0.078501	0.883952	-5.308000
600	31	-1	300.000000	3.940449	11.194405	0.960800	-0.104240	0.820269	-5.167543
620	31	-1	300.000000	4.013817	11.296965	0.960800	-0.099466	0.912690	-5.041720
640	31	-1	300.000000	3.962381	11.223995	0.960800	-0.111686	0.846544	-5.094983
660	31	-1	300.000000	4.029461	11.318719	0.960800	-0.091665	0.932784	-5.022143
680	31	-1	300.000000	3.932541	11.150730	0.960800	-0.106088	0.782065	-5.147866
700	31	-1	300.000000	4.025289	11.315941	0.960800	-0.108714	0.930208	-5.068828
720	31	-1	300.000000	3.943318	11.253154	0.960800	-0.078934	0.872744	-5.232934
740	31	-1	300.000000	3.962847	11.465134	0.960800	-0.093826	1.072511	-5.546153
760	31	-1	300.000000	3.988157	11.389517	0.960800	-0.078518	0.999371	-5.802418
780	31	-1	300.000000	4.104531	11.281182	0.960800	-0.077313	0.898220	-5.888941
800	31	-1	300.000000	4.098307	11.474551	0.960800	-0.076837	1.081766	-5.849279
820	31	-1	300.000000	4.113283	11.427861	0.960800	-0.081025	1.036198	-5.585898
840	31	-1	300.000000	4.110371	11.310022	0.960800	-0.087426	0.924730	-5.683361
860	31	-1	300.000000	3.909411	11.149422	0.960800	-0.107432	0.780931	-5.426460
880	31	-1	300.000000	3.960207	11.347447	0.960800	-0.110484	0.959583	-5.238381
900	31	-1	300.000000	3.991538	11.289249	0.960800	-0.096343	0.905604	-5.398011
920	31	-1	300.000000	3.947127	11.223580	0.960800	-0.129342	0.846173	-5.422404
940	31	1	300.000000	3.915889	11.296617	0.960800	0.000000	0.912370	-5.967351
960	31	-1	300.000000	4.010636	11.491920	0.960800	-0.122764	1.098921	-5.543636
980	31	-1	300.000000	3.984176	11.511054	0.960800	-0.123140	1.117947	-5.455970
1000	31	-1	300.000000	4.027543	11.461904	0.960800	-0.116575	1.069344	-5.459114
1020	31	-1	300.000000	3.998654	11.744460	0.960800	-0.103284	1.360810	-5.897300
1040	31	-1	300.000000	4.003233	11.368154	0.960800	-0.112452	0.979086	-5.768973
1060	31	-1	300.000000	4.014193	11.540876	0.960800	-0.105665	1.147868	-5.681047
1080	31	-1	300.000000	3.879851	11.210469	0.960800	-0.109832	0.834494	-6.046513
1100	31	-1	300.000000	3.901252	11.438753	0.960800	-0.117469	1.046757	-6.202051
1120	31	-1	300.000000	3.940097	11.192224	0.960800	-0.121523	0.818346	-6.159244
1140	31	-1	300.000000	3.968553	11.451284	0.960800	-0.113888	1.058958	-5.694777
1160	31	-1	300.000000	3.975850	11.360969	0.960800	-0.126501	0.972301	-5.898097
1180	31	-1	300.000000	3.952181	11.406812	0.960800	-0.101984	1.015915	-5.812886
1200	31	-1	300.000000	3.998501	11.440504	0.960800	-0.104170	1.048458	-5.784597
1220	31	-1	300.000000	3.960799	11.402621	0.960800	-0.098502	1.011896	-5.761203
1240	31	-1	300.000000	4.059405	11.584174	0.960800	-0.104856	1.191889	-5.871479
1260	31	-1	300.000000	3.968321	11.554810	0.960800	-0.095602	1.161959	-5.613066
1280	31	-1	300.000000	4.081988	11.417425	0.960800	-0.104458	1.026122	-5.748946
1300	31	-1	300.000000	3.971068	11.330773	0.960800	-0.097932	0.943992	-5.358713
1320	31	-1	300.000000	3.933908	11.275186	0.960800	-0.107820	0.892745	-5.309628
1340	31	-1	300.000000	3.931879	11.235486	0.960800	-0.128216	0.856833	-5.718068
1360	31	-1	300.000000	3.923561	11.253214	0.960800	-0.118608	0.872798	-5.503829
1380	31	-1	300.000000	3.958717	11.326152	0.960800	-0.118465	0.939689	-5.522709
1400	31	-1	300.000000	3.982780	11.406317	0.960800	-0.102353	1.015440	-5.598107
1420	31	-1	300.000000	4.015574	11.323551	0.960800	-0.101711	0.937271	-5.711529
1440	31	-1	300.000000	4.056721	11.244789	0.960800	-0.085117	0.865197	-5.703832
1460	31	-1	300.000000	3.994095	11.430497	0.960800	-0.101860	1.038749	-5.519630
1480	31	-1	300.000000	4.080352	11.324923	0.960800	-0.083647	0.938546	-5.229434
1500	31	-1	300.000000	3.952481	11.452380	0.960800	-0.098799	1.060028	-6.126817
1520	31	-1	300.000000	3.929787	11.376491	0.960800	-0.104030	0.986983	-5.554001
1540	31	-1	300.000000	3.898892	11.227487	0.960800	-0.121263	0.849665	-5.420934
1560	31	-1	300.000000	3.993765	11.296671	0.960800	-0.093806	0.912420	-5.708480
1580	31	-1	300.000000	4.002134	11.290948	0.960800	-0.087108	0.907163	-5.747626
1600	31	-1	300.000000	4.011437	11.409463	0.960800	-0.094624	1.018461	-5.500886
1620	31	-1	300.000000	4.083608	11.284531	0.960800	-0.085510	0.901282	-5.519635
1640	31	-1	300.000000	4.048738	11.513193	0.960800	-0.083850	1.120082	-5.414334
1660	31	-1	300.000000	4.197307	11.718430	0.960800	-0.076761	1.332741	-5.635964
1680	31	-1	300.000000	4.232567	11.281651	0.960800	-0.088688	0.898648	-5.577645
1700	31	-1	300.000000	4.020963	11.495698	0.960800	-0.077779	1.102667	-5.520649
1720	31	-1	300.000000	4.128381	11.188082	0.960800	-0.105684	0.814696	-5.678165
1740	31	-1	300.000000	4.053378	11.318257	0.960800	-0.119153	0.932356	-5.216048
1760	31	-1	300.000000	4.013400	11.361133	0.960800	-0.123400	0.972456	-5.637947
1780	31	-1	300.000000	4.007588	11.620330	0.960800	-0.099824	1.229173	-6.077624
1800	31	-1	300.000000	3.920438	11.226071	0.960800	-0.115485	0.848399	-5.880491
1820	31	-1	300.000000	3.878299	11.218797	0.960800	-0.120743	0.841905	-5.403164
1840	31	-1	300.000000	4.021550	11.454306	0.960800	-0.101415	1.061910	-5.811747
1860	31	-1	300.000000	3.913620	11.548715	0.960800	-0.107110	1.155787	-6.538237
1880	31	-1	300.000000	3.866255	11.658858	0.960800	-0.127077	1.269431	-6.076358
1900	31	-1	300.000000	3.872838	11.437382	0.960800	-0.114741	1.045425	-5.991342
1920	31	1	300.000000	3.923087	11.280398	0.960800	0.000000	0.897503	-6.148604
1940	31	-1	300.000000	3.888561	11.458943	0.960800	-0.121091	1.066444	-6.038554
1960	31	-1	300.000000	3.895532	11.503197	0.960800	-0.109692	1.110118	-5.964338
1980	31	-1	300.000000	3.942468	11.177588	0.960800	-0.091725	0.805477	-5.855515
2000	31	-1	300.000000	3.919394	11.251401	0.960800	-0.146511	0.871160	-6.144093
