Step	Res	Acc/Rej	Temp		Nu_pol		Nu_npol		D_pH		D_Elec		D_Self		V_electro
0	0	0	300.000000	0.000000	0.000000	0.000000	0.000000	0.000000	-4.357482
20	36	-1	300.000000	4.832223	2.524249	4.117713	0.138259	0.699769	-4.317785
40	36	-1	300.000000	4.885024	2.533528	4.117713	0.144263	0.699766	-4.330366
60	36	-1	300.000000	4.868597	2.497675	4.117713	0.146458	0.699778	-4.561282
80	36	-1	300.000000	4.851908	2.535061	4.117713	0.141324	0.699765	-4.361957
100	36	-1	300.000000	4.880637	2.450676	4.117713	0.149861	0.699792	-4.583116
120	36	-1	300.000000	4.848662	2.361659	4.117713	0.156626	0.699818	-4.374652
140	36	-1	300.000000	4.834438	2.389833	4.117713	0.148457	0.699810	-4.408174
160	36	-1	300.000000	4.899497	2.438784	4.117713	0.156403	0.699796	-4.446745
180	36	-1	300.000000	4.901382	2.500314	4.117713	0.146421	0.699777	-4.468923
200	36	-1	300.000000	4.833857	2.391127	4.117713	0.144784	0.699810	-4.521986
220	36	-1	300.000000	4.827368	2.515393	4.117713	0.149631	0.699772	-4.260229
240	36	-1	300.000000	4.881472	2.522666	4.117713	0.144926	0.699770	-4.489347
260	36	-1	300.000000	4.871980	2.515266	4.117713	0.137751	0.699772	-4.523799
280	36	-1	300.000000	4.817929	2.401098	4.117713	0.138316	0.699807	-4.501120
300	36	-1	300.000000	4.852111	2.506917	4.117713	0.141775	0.699775	-4.499887
320	36	-1	300.000000	4.902144	2.371744	4.117713	0.155849	0.699815	-4.437668
340	36	-1	300.000000	4.834858	2.399073	4.117713	0.144709	0.699807	-4.362869
360	36	-1	300.000000	4.817019	2.375151	4.117713	0.151447	0.699814	-4.542589
380	36	-1	300.000000	4.908760	2.514505	4.117713	0.156619	0.699772	-4.458122
400	36	-1	300.000000	4.867212	2.437333	4.117713	0.144250	0.699796	-4.412263
420	36	-1	300.000000	4.809468	2.539677	4.117713	0.137330	0.699764	-4.384254
440	36	-1	300.000000	4.884613	2.488591	4.117713	0.151790	0.699781	-4.363780
460	36	-1	300.000000	4.889502	2.505165	4.117713	0.157021	0.699775	-4.327580
480	36	-1	300.000000	4.863791	2.496559	4.117713	0.149664	0.699778	-4.455641
500	36	-1	300.000000	4.805032	2.429991	4.117713	0.146061	0.699799	-4.442906
520	36	-1	300.000000	4.845976	2.384471	4.117713	0.150781	0.699812	-4.530356
540	36	-1	300.000000	4.893375	2.383494	4.117713	0.148163	0.699812	-4.421374
560	36	-1	300.000000	4.842794	2.431702	4.117713	0.144833	0.699798	-4.362875
580	36	-1	300.000000	4.861864	2.540952	4.117713	0.141847	0.699763	-4.611584
600	36	-1	300.000000	4.824150	2.382709	4.117713	0.144561	0.699812	-4.393647
620	36	-1	300.000000	4.852170	2.480615	4.117713	0.142770	0.699783	-4.395730
640	36	-1	300.000000	4.913494	2.544301	4.117713	0.149120	0.699762	-4.477171
660	36	-1	300.000000	4.878202	2.296234	4.117713	0.151926	0.699834	-4.444483
680	36	-1	300.000000	4.811741	2.381193	4.117713	0.142843	0.699812	-4.457359
700	36	-1	300.000000	4.849955	2.423488	4.117713	0.140055	0.699800	-4.494046
720	36	-1	300.000000	4.887747	2.517530	4.117713	0.148243	0.699771	-4.659332
740	36	-1	300.000000	4.881656	2.508154	4.117713	0.155748	0.699774	-4.396600
760	36	-1	300.000000	4.792716	2.428726	4.117713	0.153391	0.699799	-4.268671
780	36	-1	300.000000	4.898356	2.503229	4.117713	0.158603	0.699776	-4.344188
800	36	-1	300.000000	4.875409	2.593968	4.117713	0.157162	0.699745	-4.474040
820	36	-1	300.000000	4.808795	2.393739	4.117713	0.162561	0.699809	-4.327643
840	36	-1	300.000000	4.855361	2.407790	4.117713	0.164151	0.699805	-4.512389
860	36	-1	300.000000	4.860020	2.414266	4.117713	0.160993	0.699803	-4.481697
880	36	-1	300.000000	4.867332	2.420306	4.117713	0.163069	0.699801	-4.416741
900	36	-1	300.000000	4.822543	2.480664	4.117713	0.154971	0.699783	-4.236565
920	36	-1	300.000000	4.825344	2.349219	4.117713	0.166298	0.699821	-4.631257
940	36	-1	300.000000	4.886637	2.575838	4.117713	0.161356	0.699751	-4.345760
960	36	-1	300.000000	4.880388	2.471276	4.117713	0.165980	0.699786	-4.488254
980	36	-1	300.000000	4.864089	2.465238	4.117713	0.161122	0.699788	-4.497389
1000	36	-1	300.000000	4.808600	2.412721	4.117713	0.156342	0.699804	-4.568531
1020	36	-1	300.000000	4.796415	2.377584	4.117713	0.162560	0.699813	-4.358484
1040	36	-1	300.000000	4.909037	2.367955	4.117713	0.170422	0.699816	-4.738561
1060	36	-1	300.000000	4.882272	2.495378	4.117713	0.159166	0.699778	-4.519502
1080	36	-1	300.000000	4.875808	2.397624	4.117713	0.168491	0.699808	-4.489167
1100	36	-1	300.000000	4.816617	2.325448	4.117713	0.153199	0.699827	-4.570813
1120	36	-1	300.000000	4.801376	2.423707	4.117713	0.150046	0.699800	-4.511178
1140	36	-1	300.000000	4.861640	2.436153	4.117713	0.162805	0.699797	-4.613920
1160	36	-1	300.000000	4.867380	2.576708	4.117713	0.167159	0.699751	-4.547629
1180	36	-1	300.000000	4.820747	2.411848	4.117713	0.166506	0.699804	-4.480930
1200	36	-1	300.000000	4.832260	2.496366	4.117713	0.158876	0.699778	-4.560977
1220	36	-1	300.000000	4.850430	2.395760	4.117713	0.170880	0.699808	-4.484942
1240	36	-1	300.000000	4.898807	2.500210	4.117713	0.165950	0.699777	-4.470474
1260	36	-1	300.000000	4.891718	2.519374	4.117713	0.165032	0.699771	-4.427045
1280	36	-1	300.000000	4.850463	2.444083	4.117713	0.161902	0.699794	-4.411109
1300	36	-1	300.000000	4.859001	2.524433	4.117713	0.158441	0.699769	-4.526416
1320	36	-1	300.000000	4.811086	2.415152	4.117713	0.163755	0.699803	-4.640587
1340	36	-1	300.000000	4.865282	2.486264	4.117713	0.173894	0.699781	-4.400275
1360	36	-1	300.000000	4.871825	2.407846	4.117713	0.167914	0.699805	-4.537606
1380	36	-1	300.000000	4.826242	2.398349	4.117713	0.164097	0.699808	-4.388966
1400	36	-1	300.000000	4.886355	2.483825	4.117713	0.156822	0.699782	-4.462856
1420	36	-1	300.000000	4.903982	2.528068	4.117713	0.157311	0.699768	-4.577991
1440	36	-1	300.000000	4.841005	2.499357	4.117713	0.154347	0.699777	-4.534397
1460	36	-1	300.000000	4.853434	2.489259	4.117713	0.159400	0.699780	-4.489456
1480	36	-1	300.000000	4.855744	2.478914	4.117713	0.169793	0.699784	-4.557043
1500	36	-1	300.000000	4.852631	2.492807	4.117713	0.165046	0.699779	-4.436379
1520	36	-1	300.000000	4.872502	2.425003	4.117713	0.172543	0.699800	-4.524364
1540	36	-1	300.000000	4.834400	2.437854	4.117713	0.162502	0.699796	-4.413265
1560	36	-1	300.000000	4.777089	2.447916	4.117713	0.160642	0.699793	-4.550346
1580	36	-1	300.000000	4.899608	2.436017	4.117713	0.171527	0.699797	-4.585572
1600	36	-1	300.000000	4.894859	2.566550	4.117713	0.162047	0.699754	-4.481261
1620	36	-1	300.000000	4.839291	2.407639	4.117713	0.164012	0.699805	-4.568456
1640	36	-1	300.000000	4.849297	2.425271	4.117713	0.170322	0.699800	-4.601750
1660	36	-1	300.000000	4.880749	2.546956	4.117713	0.173770	0.699761	-4.443648
1680	36	-1	300.000000	4.881416	2.486270	4.117713	0.162049	0.699781	-4.526016
1700	36	-1	300.000000	4.882180	2.475529	4.117713	0.164958	0.699785	-4.632119
1720	36	-1	300.000000	4.807842	2.308119	4.117713	0.153624	0.699831	-4.545512
1740	36	-1	300.000000	4.774345	2.395832	4.117713	0.156963	0.699808	-4.431611
1760	36	-1	300.000000	4.844184	2.628397	4.117713	0.152768	0.699732	-4.719139
1780	36	-1	300.000000	4.972360	2.498331	4.117713	0.182045	0.699778	-4.320043
1800	36	-1	300.000000	4.883486	2.507867	4.117713	0.167947	0.699774	-4.725704
1820	36	-1	300.000000	4.836406	2.437009	4.117713	0.161780	0.699797	-4.393749
1840	36	-1	300.000000	4.827529	2.437122	4.117713	0.168544	0.699796	-4.344741
1860	36	-1	300.000000	4.864669	2.437418	4.117713	0.182565	0.699796	-4.560597
1880	36	-1	300.000000	4.837818	2.481699	4.117713	0.170316	0.699783	-4.446692
1900	36	-1	300.000000	4.822378	2.464775	4.117713	0.162927	0.699788	-4.553821
1920	36	-1	300.000000	4.903276	2.516938	4.117713	0.159177	0.699771	-4.147018
1940	36	-1	300.000000	4.869349	2.436779	4.117713	0.154499	0.699797	-4.469901
1960	36	-1	300.000000	4.876535	2.560201	4.117713	0.150670	0.699757	-4.464231
1980	36	-1	300.000000	4.873380	2.420463	4.117713	0.156554	0.699801	-4.422690
2000	36	-1	300.000000	4.852517	2.420174	4.117713	0.154884	0.699801	-4.542360
